<?xml version="1.0" encoding="UTF-8"?>
<!-- Generated by org.testng.reporters.JUnitXMLReporter -->
<testsuite ignored="0" hostname="ssingh" failures="1" tests="1" name="Jenkins Integration" time="0.241" errors="0" timestamp="2020-06-30T19:35:16 IST">
  <testcase classname="Test_Cases.Capture_google_page_title" name="capture_title" time="0.008">
    <failure type="java.lang.NullPointerException">
      <![CDATA[java.lang.NullPointerException
at Test_Cases.Capture_google_page_title.capture_title(Capture_google_page_title.java:12)
at java.base/java.util.ArrayList.forEach(ArrayList.java:1510)
... Removed 27 stack frames]]>
    </failure>
  </testcase> <!-- capture_title -->
</testsuite> <!-- Jenkins Integration -->
