<?xml version="1.0" encoding="UTF-8"?>
<testng-results ignored="0" total="1" passed="1" failed="0" skipped="0">
  <reporter-output>
  </reporter-output>
  <suite started-at="2020-07-01T08:56:01Z" name="Suite" finished-at="2020-07-01T08:56:28Z" duration-ms="27554">
    <groups>
    </groups>
    <test started-at="2020-07-01T08:56:01Z" name="Test" finished-at="2020-07-01T08:56:28Z" duration-ms="27554">
      <class name="Test_Cases.Capture_Google_Page_Title">
        <test-method is-config="true" signature="setup()[pri:0, instance:Test_Cases.Capture_Google_Page_Title@74455848]" started-at="2020-07-01T08:56:01Z" name="setup" finished-at="2020-07-01T08:56:26Z" duration-ms="24759" status="PASS">
          <reporter-output>
          </reporter-output>
        </test-method> <!-- setup -->
        <test-method signature="capture_title()[pri:0, instance:Test_Cases.Capture_Google_Page_Title@74455848]" started-at="2020-07-01T08:56:26Z" name="capture_title" finished-at="2020-07-01T08:56:27Z" duration-ms="1126" status="PASS">
          <reporter-output>
          </reporter-output>
        </test-method> <!-- capture_title -->
        <test-method is-config="true" signature="tearDown()[pri:0, instance:Test_Cases.Capture_Google_Page_Title@74455848]" started-at="2020-07-01T08:56:27Z" name="tearDown" finished-at="2020-07-01T08:56:28Z" duration-ms="1372" status="PASS">
          <reporter-output>
          </reporter-output>
        </test-method> <!-- tearDown -->
      </class> <!-- Test_Cases.Capture_Google_Page_Title -->
    </test> <!-- Test -->
  </suite> <!-- Suite -->
</testng-results>
