<?xml version="1.0" encoding="UTF-8"?>
<testng-results ignored="0" total="1" passed="1" failed="0" skipped="0">
  <reporter-output>
  </reporter-output>
  <suite started-at="2020-06-30T21:17:11 IST" name="Suite" finished-at="2020-06-30T21:17:34 IST" duration-ms="23114">
    <groups>
    </groups>
    <test started-at="2020-06-30T21:17:11 IST" name="Test" finished-at="2020-06-30T21:17:34 IST" duration-ms="23114">
      <class name="Test_Cases.Capture_Google_Page_Title">
        <test-method is-config="true" signature="setup()[pri:0, instance:Test_Cases.Capture_Google_Page_Title@51e5fc98]" started-at="2020-06-30T21:17:11 IST" name="setup" finished-at="2020-06-30T21:17:33 IST" duration-ms="22270" status="PASS">
          <reporter-output>
          </reporter-output>
        </test-method> <!-- setup -->
        <test-method signature="capture_title()[pri:0, instance:Test_Cases.Capture_Google_Page_Title@51e5fc98]" started-at="2020-06-30T21:17:33 IST" name="capture_title" finished-at="2020-06-30T21:17:33 IST" duration-ms="78" status="PASS">
          <reporter-output>
          </reporter-output>
        </test-method> <!-- capture_title -->
        <test-method is-config="true" signature="tearDown()[pri:0, instance:Test_Cases.Capture_Google_Page_Title@51e5fc98]" started-at="2020-06-30T21:17:33 IST" name="tearDown" finished-at="2020-06-30T21:17:34 IST" duration-ms="722" status="PASS">
          <reporter-output>
          </reporter-output>
        </test-method> <!-- tearDown -->
      </class> <!-- Test_Cases.Capture_Google_Page_Title -->
    </test> <!-- Test -->
  </suite> <!-- Suite -->
</testng-results>
